<?xml version="1.0" encoding="UTF-8"?>
<!-- Generated by org.testng.reporters.JUnitReportReporter -->
<testsuite hostname="thrymr-H310M-S2-2-0" failures="0" tests="1" name="workfall.PartnerloginTest" time="3.335" errors="0" timestamp="2022-05-11T17:03:14 IST" skipped="0">
  <testcase classname="workfall.PartnerloginTest" name="Incognito_browser" time="3.335"/>
  <system-out/>
</testsuite> <!-- workfall.PartnerloginTest -->
